Buildfile: /Users/vorthruna/ProjectsWATTS/tn5250j-headless/build.xml

clean:
   [delete] Deleting directory /Users/vorthruna/ProjectsWATTS/tn5250j-headless/build

clean:

prepare:
    [mkdir] Created dir: /Users/vorthruna/ProjectsWATTS/tn5250j-headless/build
    [mkdir] Created dir: /Users/vorthruna/ProjectsWATTS/tn5250j-headless/build/javadoc
     [echo] ------------------- Tn5250j 0.8.0-beta2 [2001-2021] ----------------
     [echo] ant.java.version:        21
     [echo] ant.file:                /Users/vorthruna/ProjectsWATTS/tn5250j-headless/build.xml
     [echo] 
     [echo] java.vm.version:         21.0.10+7-LTS
     [echo] java.vm.vendor:          Eclipse Adoptium
     [echo] java.vm.name:            OpenJDK 64-Bit Server VM
     [echo] 
     [echo] os.name:                 Mac OS X
     [echo] os.arch:                 x86_64
     [echo] os.version:              26.2

compile:
    [javac] Compiling 236 source files to /Users/vorthruna/ProjectsWATTS/tn5250j-headless/build
    [javac] warning: [options] system modules path not set in conjunction with -source 17
    [javac] Note: Annotation processing is enabled because one or more processors were found
    [javac]   on the class path. A future release of javac may disable annotation processing
    [javac]   unless at least one processor is specified by name (-processor), or a search
    [javac]   path is specified (--processor-path, --processor-module-path), or annotation
    [javac]   processing is enabled explicitly (-proc:only, -proc:full).
    [javac]   Use -Xlint:-options to suppress this message.
    [javac]   Use -proc:none to disable annotation processing.
    [javac] /Users/vorthruna/ProjectsWATTS/tn5250j-headless/src/org/tn5250j/tools/logging/Log4jLogger.java:25: error: package org.apache.log4j does not exist
    [javac] import org.apache.log4j.Level;
    [javac]                        ^
    [javac] /Users/vorthruna/ProjectsWATTS/tn5250j-headless/src/org/tn5250j/tools/logging/Log4jLogger.java:26: error: package org.apache.log4j does not exist
    [javac] import org.apache.log4j.Logger;
    [javac]                        ^
    [javac] /Users/vorthruna/ProjectsWATTS/tn5250j-headless/src/org/tn5250j/tools/logging/Log4jLogger.java:33: error: cannot find symbol
    [javac]     private Logger log = null;
    [javac]             ^
    [javac]   symbol:   class Logger
    [javac]   location: class Log4jLogger
    [javac] 3 errors
    [javac] 1 warning

BUILD FAILED
/Users/vorthruna/ProjectsWATTS/tn5250j-headless/build.xml:146: Compile failed; see the compiler error output for details.

Total time: 2 seconds
